IMLib/build/outputs/logs/manifest-merger-debug-report.txt
-- Merging decision tree log ---
manifest
ADDED from BaseApp\IMLib\AndroidManifest.xml:1:1-63:12
INJECTED from BaseApp\IMLib\AndroidManifest.xml:1:1-63:12
INJECTED from BaseApp\IMLib\AndroidManifest.xml:1:1-63:12
INJECTED from BaseApp\IMLib\AndroidManifest.xml:1:1-63:12
INJECTED from BaseApp\IMLib\AndroidManifest.xml:1:1-63:12
INJECTED from BaseApp\IMLib\AndroidManifest.xml:1:1-63:12
INJECTED from BaseApp\IMLib\AndroidManifest.xml:1:1-63:12
	package
		ADDED from BaseApp\IMLib\AndroidManifest.xml:2:5-28
		INJECTED from BaseApp\IMLib\AndroidManifest.xml
		INJECTED from BaseApp\IMLib\AndroidManifest.xml
	android:versionName
		INJECTED from BaseApp\IMLib\AndroidManifest.xml
		ADDED from BaseApp\IMLib\AndroidManifest.xml:1:1-63:12
		INJECTED from BaseApp\IMLib\AndroidManifest.xml
	android:versionCode
		INJECTED from BaseApp\IMLib\AndroidManifest.xml
		ADDED from BaseApp\IMLib\AndroidManifest.xml:1:1-63:12
		INJECTED from BaseApp\IMLib\AndroidManifest.xml
	xmlns:android
		ADDED from BaseApp\IMLib\AndroidManifest.xml:1:11-69
uses-permission#android.permission.WRITE_EXTERNAL_STORAGE
ADDED from BaseApp\IMLib\AndroidManifest.xml:5:5-81
	android:name
		ADDED from BaseApp\IMLib\AndroidManifest.xml:5:22-78
uses-permission#android.permission.INTERNET
ADDED from BaseApp\IMLib\AndroidManifest.xml:7:5-67
	android:name
		ADDED from BaseApp\IMLib\AndroidManifest.xml:7:22-64
uses-permission#android.permission.ACCESS_NETWORK_STATE
ADDED from BaseApp\IMLib\AndroidManifest.xml:8:5-79
	android:name
		ADDED from BaseApp\IMLib\AndroidManifest.xml:8:22-76
uses-permission#android.permission.ACCESS_WIFI_STATE
ADDED from BaseApp\IMLib\AndroidManifest.xml:9:5-76
	android:name
		ADDED from BaseApp\IMLib\AndroidManifest.xml:9:22-73
uses-permission#android.permission.WAKE_LOCK
ADDED from BaseApp\IMLib\AndroidManifest.xml:11:5-68
	android:name
		ADDED from BaseApp\IMLib\AndroidManifest.xml:11:22-65
uses-permission#android.permission.ACCESS_FINE_LOCATION
ADDED from BaseApp\IMLib\AndroidManifest.xml:13:5-79
	android:name
		ADDED from BaseApp\IMLib\AndroidManifest.xml:13:22-76
application
ADDED from BaseApp\IMLib\AndroidManifest.xml:15:5-61:19
service#io.rong.imlib.ipc.RongService
ADDED from BaseApp\IMLib\AndroidManifest.xml:19:9-22:38
	android:process
		ADDED from BaseApp\IMLib\AndroidManifest.xml:22:13-35
	android:exported
		ADDED from BaseApp\IMLib\AndroidManifest.xml:21:13-36
	android:name
		ADDED from BaseApp\IMLib\AndroidManifest.xml:20:13-57
receiver#io.rong.imlib.ConnectChangeReceiver
ADDED from BaseApp\IMLib\AndroidManifest.xml:24:9-26:39
	android:exported
		ADDED from BaseApp\IMLib\AndroidManifest.xml:26:13-36
	android:name
		ADDED from BaseApp\IMLib\AndroidManifest.xml:25:13-63
receiver#io.rong.imlib.HeartbeatReceiver
ADDED from BaseApp\IMLib\AndroidManifest.xml:28:9-30:38
	android:process
		ADDED from BaseApp\IMLib\AndroidManifest.xml:30:13-35
	android:name
		ADDED from BaseApp\IMLib\AndroidManifest.xml:29:13-59
service#io.rong.push.rongpush.PushService
ADDED from BaseApp\IMLib\AndroidManifest.xml:34:9-38:46
	android:process
		ADDED from BaseApp\IMLib\AndroidManifest.xml:38:13-43
	android:exported
		ADDED from BaseApp\IMLib\AndroidManifest.xml:36:13-36
	android:permission
		ADDED from BaseApp\IMLib\AndroidManifest.xml:37:13-69
	android:name
		ADDED from BaseApp\IMLib\AndroidManifest.xml:35:13-61
receiver#io.rong.push.rongpush.PushReceiver
ADDED from BaseApp\IMLib\AndroidManifest.xml:41:9-56:20
	android:process
		ADDED from BaseApp\IMLib\AndroidManifest.xml:43:13-43
	android:name
		ADDED from BaseApp\IMLib\AndroidManifest.xml:42:13-62
intent-filter#action:name:android.net.conn.CONNECTIVITY_CHANGE+action:name:io.rong.push.intent.action.HEART_BEAT
ADDED from BaseApp\IMLib\AndroidManifest.xml:45:13-48:29
action#io.rong.push.intent.action.HEART_BEAT
ADDED from BaseApp\IMLib\AndroidManifest.xml:46:17-80
	android:name
		ADDED from BaseApp\IMLib\AndroidManifest.xml:46:25-77
action#android.net.conn.CONNECTIVITY_CHANGE
ADDED from BaseApp\IMLib\AndroidManifest.xml:47:17-79
	android:name
		ADDED from BaseApp\IMLib\AndroidManifest.xml:47:25-76
intent-filter#action:name:android.intent.action.ACTION_POWER_CONNECTED+action:name:android.intent.action.ACTION_POWER_DISCONNECTED+action:name:android.intent.action.USER_PRESENT
ADDED from BaseApp\IMLib\AndroidManifest.xml:51:13-55:29
action#android.intent.action.USER_PRESENT
ADDED from BaseApp\IMLib\AndroidManifest.xml:52:17-77
	android:name
		ADDED from BaseApp\IMLib\AndroidManifest.xml:52:25-74
action#android.intent.action.ACTION_POWER_CONNECTED
ADDED from BaseApp\IMLib\AndroidManifest.xml:53:17-87
	android:name
		ADDED from BaseApp\IMLib\AndroidManifest.xml:53:25-84
action#android.intent.action.ACTION_POWER_DISCONNECTED
ADDED from BaseApp\IMLib\AndroidManifest.xml:54:17-90
	android:name
		ADDED from BaseApp\IMLib\AndroidManifest.xml:54:25-87
uses-sdk
INJECTED from BaseApp\IMLib\AndroidManifest.xml reason: use-sdk injection requested
INJECTED from BaseApp\IMLib\AndroidManifest.xml
INJECTED from BaseApp\IMLib\AndroidManifest.xml
INJECTED from BaseApp\IMLib\AndroidManifest.xml
INJECTED from BaseApp\IMLib\AndroidManifest.xml
	android:targetSdkVersion
		INJECTED from BaseApp\IMLib\AndroidManifest.xml
		ADDED from BaseApp\IMLib\AndroidManifest.xml
		INJECTED from BaseApp\IMLib\AndroidManifest.xml
	android:minSdkVersion
		INJECTED from BaseApp\IMLib\AndroidManifest.xml
		ADDED from BaseApp\IMLib\AndroidManifest.xml
		INJECTED from BaseApp\IMLib\AndroidManifest.xml